<?xml version="1.0" encoding="UTF-8"?>
<testsuite xmlns:xsi="http://www.w3.org/2001/XMLSchema-instance" xsi:noNamespaceSchemaLocation="https://maven.apache.org/surefire/maven-surefire-plugin/xsd/surefire-test-report.xsd" version="3.0.2" name="com.aa.crewcomp.jobs.abstr.JobsExecutorAbstractTests" time="1.304" tests="10" errors="0" skipped="0" failures="0">
  <properties>
[...]
</properties>
  <testcase name="testExecuteWithSinglePage" classname="com.aa.crewcomp.jobs.abstr.JobsExecutorAbstractTests" time="1.124">
    <system-out><![CDATA[15:55:35.887 [main] INFO com.aa.crewcomp.jobs.abstr.JobsExecutorAbstract -- Started new process.
15:55:35.915 [main] INFO com.aa.crewcomp.jobs.abstr.JobsExecutorAbstract -- Processing page 1 of 1...
15:55:35.932 [main] INFO com.aa.crewcomp.jobs.abstr.JobsExecutorAbstract -- Querying page 1 of 1...
15:55:35.934 [main] INFO com.aa.crewcomp.jobs.abstr.JobsExecutorAbstract -- Query returned 50 records. Processing page...
15:55:35.936 [main] INFO com.aa.crewcomp.jobs.abstr.JobsExecutorAbstract -- Finished processing page 1 of 1.
]]></system-out>
  </testcase>
  <testcase name="testExecuteEarlyReturnWithEmptyGroupIds" classname="com.aa.crewcomp.jobs.abstr.JobsExecutorAbstractTests" time="0.011">
    <system-out><![CDATA[15:55:35.979 [main] INFO com.aa.crewcomp.jobs.abstr.JobsExecutorAbstract -- Started new process.
15:55:35.979 [main] INFO com.aa.crewcomp.jobs.abstr.JobsExecutorAbstract -- No data to process. Finishing app...
]]></system-out>
  </testcase>
  <testcase name="testExecuteWithNullGroupIds" classname="com.aa.crewcomp.jobs.abstr.JobsExecutorAbstractTests" time="0.013">
    <system-out><![CDATA[15:55:35.992 [main] INFO com.aa.crewcomp.jobs.abstr.JobsExecutorAbstract -- Started new process.
15:55:35.993 [main] INFO com.aa.crewcomp.jobs.abstr.JobsExecutorAbstract -- No data to process. Finishing app...
]]></system-out>
  </testcase>
  <testcase name="testExecuteWithMultiplePagesVerifyAllProcessed" classname="com.aa.crewcomp.jobs.abstr.JobsExecutorAbstractTests" time="0.022">
    <system-out><![CDATA[15:55:36.011 [main] INFO com.aa.crewcomp.jobs.abstr.JobsExecutorAbstract -- Started new process.
15:55:36.013 [main] INFO com.aa.crewcomp.jobs.abstr.JobsExecutorAbstract -- Processing page 1 of 3...
15:55:36.014 [main] INFO com.aa.crewcomp.jobs.abstr.JobsExecutorAbstract -- Querying page 1 of 3...
15:55:36.015 [main] INFO com.aa.crewcomp.jobs.abstr.JobsExecutorAbstract -- Query returned 300 records. Processing page...
15:55:36.016 [main] INFO com.aa.crewcomp.jobs.abstr.JobsExecutorAbstract -- Finished processing page 1 of 3.
15:55:36.016 [main] INFO com.aa.crewcomp.jobs.abstr.JobsExecutorAbstract -- Processing page 2 of 3...
15:55:36.017 [main] INFO com.aa.crewcomp.jobs.abstr.JobsExecutorAbstract -- Querying page 2 of 3...
15:55:36.017 [main] INFO com.aa.crewcomp.jobs.abstr.JobsExecutorAbstract -- Query returned 300 records. Processing page...
15:55:36.018 [main] INFO com.aa.crewcomp.jobs.abstr.JobsExecutorAbstract -- Finished processing page 2 of 3.
15:55:36.018 [main] INFO com.aa.crewcomp.jobs.abstr.JobsExecutorAbstract -- Processing page 3 of 3...
15:55:36.018 [main] INFO com.aa.crewcomp.jobs.abstr.JobsExecutorAbstract -- Querying page 3 of 3...
15:55:36.018 [main] INFO com.aa.crewcomp.jobs.abstr.JobsExecutorAbstract -- Query returned 300 records. Processing page...
15:55:36.018 [main] INFO com.aa.crewcomp.jobs.abstr.JobsExecutorAbstract -- Finished processing page 3 of 3.
]]></system-out>
  </testcase>
  <testcase name="testExecuteWithEmptyGroupIds" classname="com.aa.crewcomp.jobs.abstr.JobsExecutorAbstractTests" time="0.011">
    <system-out><![CDATA[15:55:36.032 [main] INFO com.aa.crewcomp.jobs.abstr.JobsExecutorAbstract -- Started new process.
15:55:36.033 [main] INFO com.aa.crewcomp.jobs.abstr.JobsExecutorAbstract -- No data to process. Finishing app...
]]></system-out>
  </testcase>
  <testcase name="testMyJobsExecutor" classname="com.aa.crewcomp.jobs.abstr.JobsExecutorAbstractTests" time="0.012">
    <system-out><![CDATA[15:55:36.046 [main] INFO com.aa.crewcomp.jobs.abstr.JobsExecutorAbstract -- Started new process.
15:55:36.046 [main] INFO com.aa.crewcomp.jobs.abstr.JobsExecutorAbstract -- Processing page 1 of 1...
15:55:36.047 [main] INFO com.aa.crewcomp.jobs.abstr.JobsExecutorAbstract -- Querying page 1 of 1...
15:55:36.048 [main] INFO com.aa.crewcomp.jobs.abstr.JobsExecutorAbstract -- Query returned 100 records. Processing page...
15:55:36.048 [main] INFO com.aa.crewcomp.jobs.abstr.JobsExecutorAbstract -- Finished processing page 1 of 1.
]]></system-out>
  </testcase>
  <testcase name="testExecuteWithMultiplePages" classname="com.aa.crewcomp.jobs.abstr.JobsExecutorAbstractTests" time="0.015">
    <system-out><![CDATA[15:55:36.057 [main] INFO com.aa.crewcomp.jobs.abstr.JobsExecutorAbstract -- Started new process.
15:55:36.058 [main] INFO com.aa.crewcomp.jobs.abstr.JobsExecutorAbstract -- Processing page 1 of 3...
15:55:36.059 [main] INFO com.aa.crewcomp.jobs.abstr.JobsExecutorAbstract -- Querying page 1 of 3...
15:55:36.060 [main] INFO com.aa.crewcomp.jobs.abstr.JobsExecutorAbstract -- Query returned 250 records. Processing page...
15:55:36.061 [main] INFO com.aa.crewcomp.jobs.abstr.JobsExecutorAbstract -- Finished processing page 1 of 3.
15:55:36.061 [main] INFO com.aa.crewcomp.jobs.abstr.JobsExecutorAbstract -- Processing page 2 of 3...
15:55:36.061 [main] INFO com.aa.crewcomp.jobs.abstr.JobsExecutorAbstract -- Querying page 2 of 3...
15:55:36.062 [main] INFO com.aa.crewcomp.jobs.abstr.JobsExecutorAbstract -- Query returned 250 records. Processing page...
15:55:36.063 [main] INFO com.aa.crewcomp.jobs.abstr.JobsExecutorAbstract -- Finished processing page 2 of 3.
15:55:36.063 [main] INFO com.aa.crewcomp.jobs.abstr.JobsExecutorAbstract -- Processing page 3 of 3...
15:55:36.063 [main] INFO com.aa.crewcomp.jobs.abstr.JobsExecutorAbstract -- Querying page 3 of 3...
15:55:36.064 [main] INFO com.aa.crewcomp.jobs.abstr.JobsExecutorAbstract -- Query returned 250 records. Processing page...
15:55:36.064 [main] INFO com.aa.crewcomp.jobs.abstr.JobsExecutorAbstract -- Finished processing page 3 of 3.
]]></system-out>
  </testcase>
  <testcase name="testMyJobsExecutorException" classname="com.aa.crewcomp.jobs.abstr.JobsExecutorAbstractTests" time="0.032">
    <system-out><![CDATA[15:55:36.075 [main] INFO com.aa.crewcomp.jobs.abstr.JobsExecutorAbstract -- Started new process.
15:55:36.078 [main] INFO com.aa.crewcomp.jobs.abstr.JobsExecutorAbstract -- Processing page 1 of 1...
15:55:36.079 [main] INFO com.aa.crewcomp.jobs.abstr.JobsExecutorAbstract -- Querying page 1 of 1...
15:55:36.079 [main] INFO com.aa.crewcomp.jobs.abstr.JobsExecutorAbstract -- Query returned 100 records. Processing page...
15:55:36.080 [main] WARN com.aa.crewcomp.jobs.abstr.JobsExecutorAbstract -- An error occurred while processing page 1 of 1.
java.lang.RuntimeException: Exception thrown for testing purposes
	at com.aa.crewcomp.jobs.mock.MyJobsExecutorException.processPageRecords(MyJobsExecutorException.java:21)
	at com.aa.crewcomp.jobs.abstr.JobsExecutorAbstract.executePageJob(JobsExecutorAbstract.java:83)
	at com.aa.crewcomp.jobs.abstr.JobsExecutorAbstract.execute(JobsExecutorAbstract.java:59)
	at com.aa.crewcomp.jobs.abstr.JobsExecutorAbstractTests.testMyJobsExecutorException(JobsExecutorAbstractTests.java:70)
	at java.base/jdk.internal.reflect.DirectMethodHandleAccessor.invoke(DirectMethodHandleAccessor.java:103)
	at java.base/java.lang.reflect.Method.invoke(Method.java:580)
	at org.junit.platform.commons.util.ReflectionUtils.invokeMethod(ReflectionUtils.java:767)
	at org.junit.jupiter.engine.execution.MethodInvocation.proceed(MethodInvocation.java:60)
	at org.junit.jupiter.engine.execution.InvocationInterceptorChain$ValidatingInvocation.proceed(InvocationInterceptorChain.java:131)
	at org.junit.jupiter.engine.extension.TimeoutExtension.intercept(TimeoutExtension.java:156)
	at org.junit.jupiter.engine.extension.TimeoutExtension.interceptTestableMethod(TimeoutExtension.java:147)
	at org.junit.jupiter.engine.extension.TimeoutExtension.interceptTestMethod(TimeoutExtension.java:86)
	at org.junit.jupiter.engine.execution.InterceptingExecutableInvoker$ReflectiveInterceptorCall.lambda$ofVoidMethod$0(InterceptingExecutableInvoker.java:103)
	at org.junit.jupiter.engine.execution.InterceptingExecutableInvoker.lambda$invoke$0(InterceptingExecutableInvoker.java:93)
	at org.junit.jupiter.engine.execution.InvocationInterceptorChain$InterceptedInvocation.proceed(InvocationInterceptorChain.java:106)
	at org.junit.jupiter.engine.execution.InvocationInterceptorChain.proceed(InvocationInterceptorChain.java:64)
	at org.junit.jupiter.engine.execution.InvocationInterceptorChain.chainAndInvoke(InvocationInterceptorChain.java:45)
	at org.junit.jupiter.engine.execution.InvocationInterceptorChain.invoke(InvocationInterceptorChain.java:37)
	at org.junit.jupiter.engine.execution.InterceptingExecutableInvoker.invoke(InterceptingExecutableInvoker.java:92)
	at org.junit.jupiter.engine.execution.InterceptingExecutableInvoker.invoke(InterceptingExecutableInvoker.java:86)
	at org.junit.jupiter.engine.descriptor.TestMethodTestDescriptor.lambda$invokeTestMethod$8(TestMethodTestDescriptor.java:217)
	at org.junit.platform.engine.support.hierarchical.ThrowableCollector.execute(ThrowableCollector.java:73)
	at org.junit.jupiter.engine.descriptor.TestMethodTestDescriptor.invokeTestMethod(TestMethodTestDescriptor.java:213)
	at org.junit.jupiter.engine.descriptor.TestMethodTestDescriptor.execute(TestMethodTestDescriptor.java:138)
	at org.junit.jupiter.engine.descriptor.TestMethodTestDescriptor.execute(TestMethodTestDescriptor.java:68)
	at org.junit.platform.engine.support.hierarchical.NodeTestTask.lambda$executeRecursively$6(NodeTestTask.java:156)
	at org.junit.platform.engine.support.hierarchical.ThrowableCollector.execute(ThrowableCollector.java:73)
	at org.junit.platform.engine.support.hierarchical.NodeTestTask.lambda$executeRecursively$8(NodeTestTask.java:146)
	at org.junit.platform.engine.support.hierarchical.Node.around(Node.java:137)
	at org.junit.platform.engine.support.hierarchical.NodeTestTask.lambda$executeRecursively$9(NodeTestTask.java:144)
	at org.junit.platform.engine.support.hierarchical.ThrowableCollector.execute(ThrowableCollector.java:73)
	at org.junit.platform.engine.support.hierarchical.NodeTestTask.executeRecursively(NodeTestTask.java:143)
	at org.junit.platform.engine.support.hierarchical.NodeTestTask.execute(NodeTestTask.java:100)
	at java.base/java.util.ArrayList.forEach(ArrayList.java:1596)
	at org.junit.platform.engine.support.hierarchical.SameThreadHierarchicalTestExecutorService.invokeAll(SameThreadHierarchicalTestExecutorService.java:41)
	at org.junit.platform.engine.support.hierarchical.NodeTestTask.lambda$executeRecursively$6(NodeTestTask.java:160)
	at org.junit.platform.engine.support.hierarchical.ThrowableCollector.execute(ThrowableCollector.java:73)
	at org.junit.platform.engine.support.hierarchical.NodeTestTask.lambda$executeRecursively$8(NodeTestTask.java:146)
	at org.junit.platform.engine.support.hierarchical.Node.around(Node.java:137)
	at org.junit.platform.engine.support.hierarchical.NodeTestTask.lambda$executeRecursively$9(NodeTestTask.java:144)
	at org.junit.platform.engine.support.hierarchical.ThrowableCollector.execute(ThrowableCollector.java:73)
	at org.junit.platform.engine.support.hierarchical.NodeTestTask.executeRecursively(NodeTestTask.java:143)
	at org.junit.platform.engine.support.hierarchical.NodeTestTask.execute(NodeTestTask.java:100)
	at java.base/java.util.ArrayList.forEach(ArrayList.java:1596)
	at org.junit.platform.engine.support.hierarchical.SameThreadHierarchicalTestExecutorService.invokeAll(SameThreadHierarchicalTestExecutorService.java:41)
	at org.junit.platform.engine.support.hierarchical.NodeTestTask.lambda$executeRecursively$6(NodeTestTask.java:160)
	at org.junit.platform.engine.support.hierarchical.ThrowableCollector.execute(ThrowableCollector.java:73)
	at org.junit.platform.engine.support.hierarchical.NodeTestTask.lambda$executeRecursively$8(NodeTestTask.java:146)
	at org.junit.platform.engine.support.hierarchical.Node.around(Node.java:137)
	at org.junit.platform.engine.support.hierarchical.NodeTestTask.lambda$executeRecursively$9(NodeTestTask.java:144)
	at org.junit.platform.engine.support.hierarchical.ThrowableCollector.execute(ThrowableCollector.java:73)
	at org.junit.platform.engine.support.hierarchical.NodeTestTask.executeRecursively(NodeTestTask.java:143)
	at org.junit.platform.engine.support.hierarchical.NodeTestTask.execute(NodeTestTask.java:100)
	at org.junit.platform.engine.support.hierarchical.SameThreadHierarchicalTestExecutorService.submit(SameThreadHierarchicalTestExecutorService.java:35)
	at org.junit.platform.engine.support.hierarchical.HierarchicalTestExecutor.execute(HierarchicalTestExecutor.java:57)
	at org.junit.platform.engine.support.hierarchical.HierarchicalTestEngine.execute(HierarchicalTestEngine.java:54)
	at org.junit.platform.launcher.core.EngineExecutionOrchestrator.execute(EngineExecutionOrchestrator.java:198)
	at org.junit.platform.launcher.core.EngineExecutionOrchestrator.execute(EngineExecutionOrchestrator.java:169)
	at org.junit.platform.launcher.core.EngineExecutionOrchestrator.execute(EngineExecutionOrchestrator.java:93)
	at org.junit.platform.launcher.core.EngineExecutionOrchestrator.lambda$execute$0(EngineExecutionOrchestrator.java:58)
	at org.junit.platform.launcher.core.EngineExecutionOrchestrator.withInterceptedStreams(EngineExecutionOrchestrator.java:141)
	at org.junit.platform.launcher.core.EngineExecutionOrchestrator.execute(EngineExecutionOrchestrator.java:57)
	at org.junit.platform.launcher.core.DefaultLauncher.execute(DefaultLauncher.java:103)
	at org.junit.platform.launcher.core.DefaultLauncher.execute(DefaultLauncher.java:85)
	at org.junit.platform.launcher.core.DelegatingLauncher.execute(DelegatingLauncher.java:47)
	at org.apache.maven.surefire.junitplatform.LazyLauncher.execute(LazyLauncher.java:56)
	at org.apache.maven.surefire.junitplatform.JUnitPlatformProvider.execute(JUnitPlatformProvider.java:194)
	at org.apache.maven.surefire.junitplatform.JUnitPlatformProvider.invokeAllTests(JUnitPlatformProvider.java:150)
	at org.apache.maven.surefire.junitplatform.JUnitPlatformProvider.invoke(JUnitPlatformProvider.java:124)
	at org.apache.maven.surefire.booter.ForkedBooter.runSuitesInProcess(ForkedBooter.java:385)
	at org.apache.maven.surefire.booter.ForkedBooter.execute(ForkedBooter.java:162)
	at org.apache.maven.surefire.booter.ForkedBooter.run(ForkedBooter.java:507)
	at org.apache.maven.surefire.booter.ForkedBooter.main(ForkedBooter.java:495)
15:55:36.097 [main] INFO com.aa.crewcomp.jobs.abstr.JobsExecutorAbstract -- Finished processing page 1 of 1.
]]></system-out>
  </testcase>
  <testcase name="testExecuteWithExactPageSize" classname="com.aa.crewcomp.jobs.abstr.JobsExecutorAbstractTests" time="0.017">
    <system-out><![CDATA[15:55:36.111 [main] INFO com.aa.crewcomp.jobs.abstr.JobsExecutorAbstract -- Started new process.
15:55:36.113 [main] INFO com.aa.crewcomp.jobs.abstr.JobsExecutorAbstract -- Processing page 1 of 1...
15:55:36.114 [main] INFO com.aa.crewcomp.jobs.abstr.JobsExecutorAbstract -- Querying page 1 of 1...
15:55:36.115 [main] INFO com.aa.crewcomp.jobs.abstr.JobsExecutorAbstract -- Query returned 100 records. Processing page...
15:55:36.117 [main] INFO com.aa.crewcomp.jobs.abstr.JobsExecutorAbstract -- Finished processing page 1 of 1.
]]></system-out>
  </testcase>
  <testcase name="testExecuteWithExceptionVerifiesExceptionUpdate" classname="com.aa.crewcomp.jobs.abstr.JobsExecutorAbstractTests" time="0.019">
    <system-out><![CDATA[15:55:36.130 [main] INFO com.aa.crewcomp.jobs.abstr.JobsExecutorAbstract -- Started new process.
15:55:36.131 [main] INFO com.aa.crewcomp.jobs.abstr.JobsExecutorAbstract -- Processing page 1 of 1...
15:55:36.132 [main] INFO com.aa.crewcomp.jobs.abstr.JobsExecutorAbstract -- Querying page 1 of 1...
15:55:36.133 [main] INFO com.aa.crewcomp.jobs.abstr.JobsExecutorAbstract -- Query returned 10 records. Processing page...
15:55:36.134 [main] WARN com.aa.crewcomp.jobs.abstr.JobsExecutorAbstract -- An error occurred while processing page 1 of 1.
java.lang.RuntimeException: Exception thrown for testing purposes
	at com.aa.crewcomp.jobs.mock.MyJobsExecutorException.processPageRecords(MyJobsExecutorException.java:21)
	at com.aa.crewcomp.jobs.abstr.JobsExecutorAbstract.executePageJob(JobsExecutorAbstract.java:83)
	at com.aa.crewcomp.jobs.abstr.JobsExecutorAbstract.execute(JobsExecutorAbstract.java:59)
	at com.aa.crewcomp.jobs.abstr.JobsExecutorAbstractTests.testExecuteWithExceptionVerifiesExceptionUpdate(JobsExecutorAbstractTests.java:134)
	at java.base/jdk.internal.reflect.DirectMethodHandleAccessor.invoke(DirectMethodHandleAccessor.java:103)
	at java.base/java.lang.reflect.Method.invoke(Method.java:580)
	at org.junit.platform.commons.util.ReflectionUtils.invokeMethod(ReflectionUtils.java:767)
	at org.junit.jupiter.engine.execution.MethodInvocation.proceed(MethodInvocation.java:60)
	at org.junit.jupiter.engine.execution.InvocationInterceptorChain$ValidatingInvocation.proceed(InvocationInterceptorChain.java:131)
	at org.junit.jupiter.engine.extension.TimeoutExtension.intercept(TimeoutExtension.java:156)
	at org.junit.jupiter.engine.extension.TimeoutExtension.interceptTestableMethod(TimeoutExtension.java:147)
	at org.junit.jupiter.engine.extension.TimeoutExtension.interceptTestMethod(TimeoutExtension.java:86)
	at org.junit.jupiter.engine.execution.InterceptingExecutableInvoker$ReflectiveInterceptorCall.lambda$ofVoidMethod$0(InterceptingExecutableInvoker.java:103)
	at org.junit.jupiter.engine.execution.InterceptingExecutableInvoker.lambda$invoke$0(InterceptingExecutableInvoker.java:93)
	at org.junit.jupiter.engine.execution.InvocationInterceptorChain$InterceptedInvocation.proceed(InvocationInterceptorChain.java:106)
	at org.junit.jupiter.engine.execution.InvocationInterceptorChain.proceed(InvocationInterceptorChain.java:64)
	at org.junit.jupiter.engine.execution.InvocationInterceptorChain.chainAndInvoke(InvocationInterceptorChain.java:45)
	at org.junit.jupiter.engine.execution.InvocationInterceptorChain.invoke(InvocationInterceptorChain.java:37)
	at org.junit.jupiter.engine.execution.InterceptingExecutableInvoker.invoke(InterceptingExecutableInvoker.java:92)
	at org.junit.jupiter.engine.execution.InterceptingExecutableInvoker.invoke(InterceptingExecutableInvoker.java:86)
	at org.junit.jupiter.engine.descriptor.TestMethodTestDescriptor.lambda$invokeTestMethod$8(TestMethodTestDescriptor.java:217)
	at org.junit.platform.engine.support.hierarchical.ThrowableCollector.execute(ThrowableCollector.java:73)
	at org.junit.jupiter.engine.descriptor.TestMethodTestDescriptor.invokeTestMethod(TestMethodTestDescriptor.java:213)
	at org.junit.jupiter.engine.descriptor.TestMethodTestDescriptor.execute(TestMethodTestDescriptor.java:138)
	at org.junit.jupiter.engine.descriptor.TestMethodTestDescriptor.execute(TestMethodTestDescriptor.java:68)
	at org.junit.platform.engine.support.hierarchical.NodeTestTask.lambda$executeRecursively$6(NodeTestTask.java:156)
	at org.junit.platform.engine.support.hierarchical.ThrowableCollector.execute(ThrowableCollector.java:73)
	at org.junit.platform.engine.support.hierarchical.NodeTestTask.lambda$executeRecursively$8(NodeTestTask.java:146)
	at org.junit.platform.engine.support.hierarchical.Node.around(Node.java:137)
	at org.junit.platform.engine.support.hierarchical.NodeTestTask.lambda$executeRecursively$9(NodeTestTask.java:144)
	at org.junit.platform.engine.support.hierarchical.ThrowableCollector.execute(ThrowableCollector.java:73)
	at org.junit.platform.engine.support.hierarchical.NodeTestTask.executeRecursively(NodeTestTask.java:143)
	at org.junit.platform.engine.support.hierarchical.NodeTestTask.execute(NodeTestTask.java:100)
	at java.base/java.util.ArrayList.forEach(ArrayList.java:1596)
	at org.junit.platform.engine.support.hierarchical.SameThreadHierarchicalTestExecutorService.invokeAll(SameThreadHierarchicalTestExecutorService.java:41)
	at org.junit.platform.engine.support.hierarchical.NodeTestTask.lambda$executeRecursively$6(NodeTestTask.java:160)
	at org.junit.platform.engine.support.hierarchical.ThrowableCollector.execute(ThrowableCollector.java:73)
	at org.junit.platform.engine.support.hierarchical.NodeTestTask.lambda$executeRecursively$8(NodeTestTask.java:146)
	at org.junit.platform.engine.support.hierarchical.Node.around(Node.java:137)
	at org.junit.platform.engine.support.hierarchical.NodeTestTask.lambda$executeRecursively$9(NodeTestTask.java:144)
	at org.junit.platform.engine.support.hierarchical.ThrowableCollector.execute(ThrowableCollector.java:73)
	at org.junit.platform.engine.support.hierarchical.NodeTestTask.executeRecursively(NodeTestTask.java:143)
	at org.junit.platform.engine.support.hierarchical.NodeTestTask.execute(NodeTestTask.java:100)
	at java.base/java.util.ArrayList.forEach(ArrayList.java:1596)
	at org.junit.platform.engine.support.hierarchical.SameThreadHierarchicalTestExecutorService.invokeAll(SameThreadHierarchicalTestExecutorService.java:41)
	at org.junit.platform.engine.support.hierarchical.NodeTestTask.lambda$executeRecursively$6(NodeTestTask.java:160)
	at org.junit.platform.engine.support.hierarchical.ThrowableCollector.execute(ThrowableCollector.java:73)
	at org.junit.platform.engine.support.hierarchical.NodeTestTask.lambda$executeRecursively$8(NodeTestTask.java:146)
	at org.junit.platform.engine.support.hierarchical.Node.around(Node.java:137)
	at org.junit.platform.engine.support.hierarchical.NodeTestTask.lambda$executeRecursively$9(NodeTestTask.java:144)
	at org.junit.platform.engine.support.hierarchical.ThrowableCollector.execute(ThrowableCollector.java:73)
	at org.junit.platform.engine.support.hierarchical.NodeTestTask.executeRecursively(NodeTestTask.java:143)
	at org.junit.platform.engine.support.hierarchical.NodeTestTask.execute(NodeTestTask.java:100)
	at org.junit.platform.engine.support.hierarchical.SameThreadHierarchicalTestExecutorService.submit(SameThreadHierarchicalTestExecutorService.java:35)
	at org.junit.platform.engine.support.hierarchical.HierarchicalTestExecutor.execute(HierarchicalTestExecutor.java:57)
	at org.junit.platform.engine.support.hierarchical.HierarchicalTestEngine.execute(HierarchicalTestEngine.java:54)
	at org.junit.platform.launcher.core.EngineExecutionOrchestrator.execute(EngineExecutionOrchestrator.java:198)
	at org.junit.platform.launcher.core.EngineExecutionOrchestrator.execute(EngineExecutionOrchestrator.java:169)
	at org.junit.platform.launcher.core.EngineExecutionOrchestrator.execute(EngineExecutionOrchestrator.java:93)
	at org.junit.platform.launcher.core.EngineExecutionOrchestrator.lambda$execute$0(EngineExecutionOrchestrator.java:58)
	at org.junit.platform.launcher.core.EngineExecutionOrchestrator.withInterceptedStreams(EngineExecutionOrchestrator.java:141)
	at org.junit.platform.launcher.core.EngineExecutionOrchestrator.execute(EngineExecutionOrchestrator.java:57)
	at org.junit.platform.launcher.core.DefaultLauncher.execute(DefaultLauncher.java:103)
	at org.junit.platform.launcher.core.DefaultLauncher.execute(DefaultLauncher.java:85)
	at org.junit.platform.launcher.core.DelegatingLauncher.execute(DelegatingLauncher.java:47)
	at org.apache.maven.surefire.junitplatform.LazyLauncher.execute(LazyLauncher.java:56)
	at org.apache.maven.surefire.junitplatform.JUnitPlatformProvider.execute(JUnitPlatformProvider.java:194)
	at org.apache.maven.surefire.junitplatform.JUnitPlatformProvider.invokeAllTests(JUnitPlatformProvider.java:150)
	at org.apache.maven.surefire.junitplatform.JUnitPlatformProvider.invoke(JUnitPlatformProvider.java:124)
	at org.apache.maven.surefire.booter.ForkedBooter.runSuitesInProcess(ForkedBooter.java:385)
	at org.apache.maven.surefire.booter.ForkedBooter.execute(ForkedBooter.java:162)
	at org.apache.maven.surefire.booter.ForkedBooter.run(ForkedBooter.java:507)
	at org.apache.maven.surefire.booter.ForkedBooter.main(ForkedBooter.java:495)
15:55:36.137 [main] INFO com.aa.crewcomp.jobs.abstr.JobsExecutorAbstract -- Finished processing page 1 of 1.
]]></system-out>
  </testcase>
</testsuite>