<?xml version="1.0" encoding="UTF-8"?>
<testsuite xmlns:xsi="http://www.w3.org/2001/XMLSchema-instance" xsi:noNamespaceSchemaLocation="https://maven.apache.org/surefire/maven-surefire-plugin/xsd/surefire-test-report.xsd" version="3.0.2" name="com.aa.crewcomp.jobs.service.MongoBulkInsertServiceTests" time="10.458" tests="5" errors="0" skipped="0" failures="0">
  <properties>
[...]
</properties>
  <testcase name="testSave" classname="com.aa.crewcomp.jobs.service.MongoBulkInsertServiceTests" time="0.199"/>
  <testcase name="testInsertManyWithDelay" classname="com.aa.crewcomp.jobs.service.MongoBulkInsertServiceTests" time="10.026"/>
  <testcase name="testInsertException" classname="com.aa.crewcomp.jobs.service.MongoBulkInsertServiceTests" time="0.201">
    <system-out><![CDATA[2026-01-13T17:02:12.950-06:00  WARN 22676 --- [           main] c.a.c.j.service.MongoBulkInsertService   : BulkOperationException was thrown.
2026-01-13T17:02:12.951-06:00  WARN 22676 --- [           main] c.a.c.j.service.MongoBulkInsertService   : If this is a reprocessing job, duplicates will be ignored.
2026-01-13T17:02:12.967-06:00  WARN 22676 --- [           main] c.a.c.j.service.MongoBulkInsertService   : Distinct BulkOperationException codes count {code=count}: 
2026-01-13T17:02:12.968-06:00  WARN 22676 --- [           main] c.a.c.j.service.MongoBulkInsertService   : {}
2026-01-13T17:02:12.969-06:00  WARN 22676 --- [           main] c.a.c.j.service.MongoBulkInsertService   : Note: code 11000 is a duplicate key error.
]]></system-out>
  </testcase>
  <testcase name="testInsertMany" classname="com.aa.crewcomp.jobs.service.MongoBulkInsertServiceTests" time="0.012"/>
  <testcase name="testInsertNone" classname="com.aa.crewcomp.jobs.service.MongoBulkInsertServiceTests" time="0.008"/>
</testsuite>